mode: set
github.com/anTuni/NomadCoin/utils/utility.go:18.27,19.16 1 1
github.com/anTuni/NomadCoin/utils/utility.go:19.16,21.3 1 1
github.com/anTuni/NomadCoin/utils/utility.go:25.36,30.2 4 1
github.com/anTuni/NomadCoin/utils/utility.go:31.44,36.2 3 0
github.com/anTuni/NomadCoin/utils/utility.go:38.33,42.2 3 1
github.com/anTuni/NomadCoin/utils/utility.go:44.44,46.18 2 1
github.com/anTuni/NomadCoin/utils/utility.go:49.2,49.13 1 1
github.com/anTuni/NomadCoin/utils/utility.go:46.18,48.3 1 1
github.com/anTuni/NomadCoin/utils/utility.go:52.35,56.2 3 0
