mode: set
github.com/anTuni/NomadCoin/utils/utility.go:16.27,17.16 1 1
github.com/anTuni/NomadCoin/utils/utility.go:17.16,19.3 1 0
github.com/anTuni/NomadCoin/utils/utility.go:23.36,28.2 4 1
github.com/anTuni/NomadCoin/utils/utility.go:29.44,34.2 3 0
github.com/anTuni/NomadCoin/utils/utility.go:36.33,40.2 3 1
github.com/anTuni/NomadCoin/utils/utility.go:42.44,44.18 2 0
github.com/anTuni/NomadCoin/utils/utility.go:47.2,47.13 1 0
github.com/anTuni/NomadCoin/utils/utility.go:44.18,46.3 1 0
github.com/anTuni/NomadCoin/utils/utility.go:50.35,54.2 3 0
